#
# A fatal error has been detected by the Java Runtime Environment:
#
#  EXCEPTION_ACCESS_VIOLATION (0xc0000005) at pc=0x000000000435566b, pid=1116, tid=6860
#
# JRE version:  (8.0_60-b27) (build )
# Java VM: Java HotSpot(TM) 64-Bit Server VM (25.60-b23 mixed mode windows-amd64 compressed oops)
# Problematic frame:
# C  [jvm.dll+0x2d566b]
#
# Failed to write core dump. Minidumps are not enabled by default on client versions of Windows
#
# If you would like to submit a bug report, please visit:
#   http://bugreport.java.com/bugreport/crash.jsp
#

---------------  T H R E A D  ---------------

Current thread (0x000000000c895000):  JavaThread "main" [_thread_in_vm, id=6860, stack(0x00000000000d0000,0x00000000002c0000)]

siginfo: ExceptionCode=0xc0000005, reading address 0xffffffffffffffff

Registers:
RAX=0x000000001ca95720, RBX=0x00000000002be230, RCX=0x00000000002be230, RDX=0x0000000004a5c080
RSP=0x00000000002be1b0, RBP=0x00000000002be260, RSI=0x00000000002be340, RDI=0x000000000c895000
R8 =0xccccccccccc301b0, R9 =0xcccccccccccccccc, R10=0x000000002ba65e08, R11=0x000000002ba65e08
R12=0x000000000c895000, R13=0x0000000000000000, R14=0x00000000049de9a0, R15=0x000000000c7de170
RIP=0x000000000435566b, EFLAGS=0x0000000000010246

Top of Stack: (sp=0x00000000002be1b0)
0x00000000002be1b0:   000000000c895000 000000000c865dc0
0x00000000002be1c0:   0000000016d869c0 00000000002be2f0
0x00000000002be1d0:   0000000000000000 000000000409cf40
0x00000000002be1e0:   0000000000000000 0000000000000000
0x00000000002be1f0:   000000000c861230 0000000016d878b0
0x00000000002be200:   00000000002be990 000000002ba65e08
0x00000000002be210:   0000000000000000 0000000000000000
0x00000000002be220:   00000000002be9f8 00000000002be990
0x00000000002be230:   0000000010424b80 cccccccccccccccc
0x00000000002be240:   0000000000000000 0000000000000000
0x00000000002be250:   ccccccccccc301b0 0000000010424b80
0x00000000002be260:   000000000c865dc0 000000000c895000
0x00000000002be270:   00000000002be380 00000000042173ea
0x00000000002be280:   0000000000000000 00000000f80001e5
0x00000000002be290:   00000000000003d8 0000000000000000
0x00000000002be2a0:   00000007c0014858 00000000002be6d0 

Instructions: (pc=0x000000000435566b)
0x000000000435564b:   c3 48 83 79 10 00 74 11 48 8b d3 e8 c5 fb ff ff
0x000000000435565b:   48 8b c3 48 83 c4 20 5b c3 4c 8b 41 20 48 8b cb
0x000000000435566b:   4d 8b 48 08 49 8d 50 10 4d 8b 00 e8 e5 69 d4 ff
0x000000000435567b:   48 8b c3 48 83 c4 20 5b c3 cc cc cc cc cc cc cc 


Register to memory mapping:

RAX=0x000000001ca95720 is an unknown value
RBX=0x00000000002be230 is pointing into the stack for thread: 0x000000000c895000
RCX=0x00000000002be230 is pointing into the stack for thread: 0x000000000c895000
RDX=0x0000000004a5c080 is an unknown value
RSP=0x00000000002be1b0 is pointing into the stack for thread: 0x000000000c895000
RBP=0x00000000002be260 is pointing into the stack for thread: 0x000000000c895000
RSI=0x00000000002be340 is pointing into the stack for thread: 0x000000000c895000
RDI=0x000000000c895000 is a thread
R8 =0xccccccccccc301b0 is an unknown value
R9 =0xcccccccccccccccc is an unknown value
R10=0x000000002ba65e08 is at code_begin+840 in an Interpreter codelet
method entry point (kind = native)  [0x000000002ba65ac0, 0x000000002ba66420]  2400 bytes
R11=0x000000002ba65e08 is at code_begin+840 in an Interpreter codelet
method entry point (kind = native)  [0x000000002ba65ac0, 0x000000002ba66420]  2400 bytes
R12=0x000000000c895000 is a thread
R13=0x0000000000000000 is an unknown value
R14=0x00000000049de9a0 is an unknown value
R15=0x000000000c7de170 is an unknown value


Stack: [0x00000000000d0000,0x00000000002c0000],  sp=0x00000000002be1b0,  free space=1976k
Native frames: (J=compiled Java code, j=interpreted, Vv=VM code, C=native code)
C  [jvm.dll+0x2d566b]
C  [jvm.dll+0x1cf40]
C  [jvm.dll+0x1973ea]
C  0x000000002ba65e34

Java frames: (J=compiled Java code, j=interpreted, Vv=VM code)
j  java.security.AccessController.getStackAccessControlContext()Ljava/security/AccessControlContext;+0
j  java.security.AccessController.getContext()Ljava/security/AccessControlContext;+0
j  java.lang.Thread.init(Ljava/lang/ThreadGroup;Ljava/lang/Runnable;Ljava/lang/String;JLjava/security/AccessControlContext;)V+159
j  java.lang.Thread.init(Ljava/lang/ThreadGroup;Ljava/lang/Runnable;Ljava/lang/String;J)V+7
j  java.lang.Thread.<init>(Ljava/lang/ThreadGroup;Ljava/lang/String;)V+45
v  ~StubRoutines::call_stub

---------------  P R O C E S S  ---------------

Java Threads: ( => current thread )
=>0x000000000c895000 JavaThread "main" [_thread_in_vm, id=6860, stack(0x00000000000d0000,0x00000000002c0000)]

Other Threads:
  0x0000000017a82800 VMThread [stack: 0x0000000018f40000,0x0000000019130000] [id=8528]

VM state:not at safepoint (normal execution)

VM Mutex/Monitor currently owned by a thread: None

Heap:
 PSYoungGen      total 38400K, used 665K [0x0000000795c00000, 0x0000000798680000, 0x00000007c0000000)
  eden space 33280K, 2% used [0x0000000795c00000,0x0000000795ca6670,0x0000000797c80000)
  from space 5120K, 0% used [0x0000000798180000,0x0000000798180000,0x0000000798680000)
  to   space 5120K, 0% used [0x0000000797c80000,0x0000000797c80000,0x0000000798180000)
 ParOldGen       total 87552K, used 0K [0x0000000741400000, 0x0000000746980000, 0x0000000795c00000)
  object space 87552K, 0% used [0x0000000741400000,0x0000000741400000,0x0000000746980000)
 Metaspace       used 817K, capacity 4480K, committed 4480K, reserved 1056768K
  class space    used 82K, capacity 384K, committed 384K, reserved 1048576K

Card table byte_map: [0x0000000010c70000,0x0000000011070000] byte_map_base: 0x000000000d266000

Marking Bits: (ParMarkBitMap*) 0x000000001082a5b0
 Begin Bits: [0x0000000012970000, 0x0000000014920000)
 End Bits:   [0x0000000014920000, 0x00000000168d0000)

Polling page: 0x0000000003e50000

CodeCache: size=245760Kb used=390Kb max_used=390Kb free=245369Kb
 bounds [0x000000002ba50000, 0x000000002bcc0000, 0x000000003aa50000]
 total_blobs=77 nmethods=0 adapters=51
 compilation: enabled

Compilation events (0 events):
No events

GC Heap History (0 events):
No events

Deoptimization events (0 events):
No events

Internal exceptions (0 events):
No events

Events (10 events):
Event: 0.033 loading class java/lang/RuntimePermission
Event: 0.033 loading class java/security/BasicPermission
Event: 0.033 loading class java/security/Permission
Event: 0.033 loading class java/security/Guard
Event: 0.033 loading class java/security/Guard done
Event: 0.033 loading class java/security/Permission done
Event: 0.033 loading class java/security/BasicPermission done
Event: 0.033 loading class java/lang/RuntimePermission done
Event: 0.033 loading class java/security/AccessController
Event: 0.033 loading class java/security/AccessController done


Dynamic libraries:
0x000000001ca40000 - 0x000000001ca4c000 	E:\01_SOFT\Python27\python.exe
0x0000000077130000 - 0x00000000772da000 	C:\Windows\SYSTEM32\ntdll.dll
0x0000000076f10000 - 0x000000007702f000 	C:\Windows\system32\kernel32.dll
0x000007fefd170000 - 0x000007fefd1da000 	C:\Windows\system32\KERNELBASE.dll
0x0000000058410000 - 0x0000000058771000 	C:\Windows\system32\python27.dll
0x0000000077030000 - 0x000000007712a000 	C:\Windows\system32\USER32.dll
0x000007feff3d0000 - 0x000007feff437000 	C:\Windows\system32\GDI32.dll
0x000007fefdb40000 - 0x000007fefdb4e000 	C:\Windows\system32\LPK.dll
0x000007fefda70000 - 0x000007fefdb3b000 	C:\Windows\system32\USP10.dll
0x000007fefd8d0000 - 0x000007fefd96f000 	C:\Windows\system32\msvcrt.dll
0x000007fefeb80000 - 0x000007fefec5b000 	C:\Windows\system32\ADVAPI32.dll
0x000007fefda50000 - 0x000007fefda6f000 	C:\Windows\SYSTEM32\sechost.dll
0x000007fefd260000 - 0x000007fefd38d000 	C:\Windows\system32\RPCRT4.dll
0x000007fefdb50000 - 0x000007fefe8da000 	C:\Windows\system32\SHELL32.dll
0x000007fefd1e0000 - 0x000007fefd251000 	C:\Windows\system32\SHLWAPI.dll
0x000000006de20000 - 0x000000006debd000 	C:\Windows\WinSxS\amd64_microsoft.vc90.crt_1fc8b3b9a1e18e3b_9.0.30729.4940_none_08e4299fa83d7e3c\MSVCR90.dll
0x000007feff000000 - 0x000007feff02e000 	C:\Windows\system32\IMM32.DLL
0x000007fefea70000 - 0x000007fefeb79000 	C:\Windows\system32\MSCTF.dll
0x000007fefcd50000 - 0x000007fefcd82000 	C:\Windows\system32\nvinitx.dll
0x000000000f000000 - 0x000000000f006000 	C:\Program Files\NVIDIA Corporation\CoProcManager\detoured.dll
0x000007fefa3b0000 - 0x000007fefa3e3000 	C:\Program Files\NVIDIA Corporation\CoProcManager\nvd3d9wrapx.dll
0x000007fefec60000 - 0x000007fefee37000 	C:\Windows\system32\SETUPAPI.dll
0x000007fefce50000 - 0x000007fefce86000 	C:\Windows\system32\CFGMGR32.dll
0x000007fefd970000 - 0x000007fefda4a000 	C:\Windows\system32\OLEAUT32.dll
0x000007fefd3a0000 - 0x000007fefd59c000 	C:\Windows\system32\ole32.dll
0x000007fefce90000 - 0x000007fefceaa000 	C:\Windows\system32\DEVOBJ.dll
0x000007fefa650000 - 0x000007fefa673000 	C:\Program Files\NVIDIA Corporation\CoProcManager\nvdxgiwrapx.dll
0x000000007e110000 - 0x000000007e1e5000 	D:\02_Software\Windows\ConEmu\ConEmu\ConEmu\ConEmuHk64.dll
0x000007feeb400000 - 0x000007feeb403000 	C:\Windows\system32\api-ms-win-core-synch-l1-2-0.DLL
0x0000000180000000 - 0x000000018008c000 	E:\01_SOFT\Python27\lib\site-packages\_jpype.pyd
0x0000000067a70000 - 0x0000000067b43000 	C:\Windows\WinSxS\amd64_microsoft.vc90.crt_1fc8b3b9a1e18e3b_9.0.30729.4940_none_08e4299fa83d7e3c\MSVCP90.dll
0x0000000003170000 - 0x00000000032fc000 	E:\01_SOFT\Python27\lib\site-packages\numpy\core\multiarray.pyd
0x000000006c400000 - 0x000000006d72a000 	E:\01_SOFT\Python27\lib\site-packages\numpy\core\numpy-atlas.dll
0x00000000020d0000 - 0x00000000021a1000 	E:\01_SOFT\Python27\lib\site-packages\numpy\core\umath.pyd
0x0000000068140000 - 0x0000000068162000 	E:\01_SOFT\Python27\DLLs\_ctypes.pyd
0x000007fee5110000 - 0x000007fee5280000 	E:\01_SOFT\Python27\DLLs\_hashlib.pyd
0x000007fefc610000 - 0x000007fefc628000 	C:\Windows\system32\CRYPTSP.dll
0x000007fefc310000 - 0x000007fefc357000 	C:\Windows\system32\rsaenh.dll
0x000007fefcc80000 - 0x000007fefcc8f000 	C:\Windows\system32\CRYPTBASE.dll
0x00000000021c0000 - 0x00000000021ca000 	E:\01_SOFT\Python27\lib\site-packages\numpy\linalg\lapack_lite.pyd
0x00000000021d0000 - 0x00000000021f2000 	E:\01_SOFT\Python27\lib\site-packages\numpy\linalg\_umath_linalg.pyd
0x0000000002200000 - 0x0000000002214000 	E:\01_SOFT\Python27\lib\site-packages\numpy\fft\fftpack_lite.pyd
0x0000000003d50000 - 0x0000000003dfe000 	E:\01_SOFT\Python27\lib\site-packages\numpy\random\mtrand.pyd
0x0000000004080000 - 0x0000000004909000 	E:\01_SOFT\Java\bin\server\jvm.dll
0x000007feeb490000 - 0x000007feeb499000 	C:\Windows\system32\WSOCK32.dll
0x000007feff030000 - 0x000007feff07d000 	C:\Windows\system32\WS2_32.dll
0x000007fefd390000 - 0x000007fefd398000 	C:\Windows\system32\NSI.dll
0x000007fefa270000 - 0x000007fefa2ab000 	C:\Windows\system32\WINMM.dll
0x000007fefbec0000 - 0x000007fefbecc000 	C:\Windows\system32\VERSION.dll
0x0000000077300000 - 0x0000000077307000 	C:\Windows\system32\PSAPI.DLL
0x00000000712b0000 - 0x0000000071382000 	C:\Windows\system32\MSVCR100.dll
0x0000000069ac0000 - 0x0000000069acf000 	E:\01_SOFT\Java\bin\verify.dll
0x0000000069a90000 - 0x0000000069ab9000 	E:\01_SOFT\Java\bin\java.dll
0x0000000069a70000 - 0x0000000069a86000 	E:\01_SOFT\Java\bin\zip.dll
0x000007fefce30000 - 0x000007fefce3f000 	C:\Windows\system32\profapi.dll
0x0000000010020000 - 0x00000000108a9000 	E:\01_SOFT\Java\jdk1.8.0_60\jre\bin\server\jvm.dll
0x0000000069ad0000 - 0x0000000069adf000 	E:\01_SOFT\Java\jdk1.8.0_60\jre\bin\verify.dll
0x0000000069a40000 - 0x0000000069a69000 	E:\01_SOFT\Java\jdk1.8.0_60\jre\bin\java.dll
0x0000000069a20000 - 0x0000000069a36000 	E:\01_SOFT\Java\jdk1.8.0_60\jre\bin\zip.dll
0x000007fef8da0000 - 0x000007fef8ec5000 	C:\Windows\system32\dbghelp.dll

VM Arguments:
java_command: <unknown>
java_class_path (initial): D:\TEMP\jar\httpclient-4.3.3.jar
Launcher Type: generic

Environment Variables:
PATH=D:\02_Software\Windows\ConEmu\ConEmu\ConEmu\Scripts;D:\02_Software\Windows\ConEmu\ConEmu;D:\02_Software\Windows\ConEmu\ConEmu\ConEmu;E:\01_SOFT\oracle\product\11.2.0\dbhome_1\bin;C:\Windows\system32;C:\Windows;C:\Windows\System32\Wbem;C:\Windows\System32\WindowsPowerShell\v1.0\;E:\01_SOFT\python;C:\Program Files\Microsoft Network Monitor 3\;E:\01_SOFT\Python27\;C:\Program Files (x86)\Microsoft ASP.NET\ASP.NET Web Pages\v1.0\;D:\Program Files\Microsoft SQL Server\110\DTS\Binn\;E:\Program Files (x86)\Microsoft SQL Server\110\Tools\Binn\;E:\Program Files\Microsoft SQL Server\110\Tools\Binn\;E:\Program Files\Microsoft SQL Server\110\DTS\Binn\;E:\Program Files (x86)\Microsoft SQL Server\110\Tools\Binn\ManagementStudio\;C:\Program Files (x86)\Microsoft Visual Studio 10.0\Common7\IDE\PrivateAssemblies\;E:\Program Files (x86)\Microsoft SQL Server\110\DTS\Binn\;D:\Program Files (x86)\GitExtensions\;C:\Program Files (x86)\Microsoft SQL Server\100\DTS\Binn\;E:\MyProjects\Github\pytest\utils;E:\01_SOFT\Python27\;C:\Program Files (x86)\JetBrains\PyCharm Edu 3.5.1\jre\jre\bin\;E:\01_SOFT\Python27\Scripts;E:\MyProjects\Github\pytest\utils;C:\Program Files (x86)\Wireshark;C:\Users\Administrator\AppData\Local\GitHubDesktop\bin;D:\Program Files (x86)\Wireshark\;C:\Users\Administrator\AppData\Local\Programs\Fiddler;E:\01_SOFT\sqlite\sqlite-tools-win32-x86-3200000\sqlite-tools-win32-x86-3200000;D:\Program Files (x86)\w3af£»E:\01_SOFT\Anaconda3\Scripts£»;E:\01_SOFT\Python27;E:\MyProjects\Github\pytest\utils;;E:\01_SOFT\Python27\lib\site-packages\pywin32_system32
USERNAME=Administrator
OS=Windows_NT
PROCESSOR_IDENTIFIER=Intel64 Family 6 Model 60 Stepping 3, GenuineIntel



---------------  S Y S T E M  ---------------

OS: Windows 7 , 64 bit Build 7601 (6.1.7601.23915)

CPU:total 8 (4 cores per cpu, 2 threads per core) family 6 model 60 stepping 3, cmov, cx8, fxsr, mmx, sse, sse2, sse3, ssse3, sse4.1, sse4.2, popcnt, avx, avx2, aes, clmul, erms, lzcnt, ht, tsc, tscinvbit, bmi1, bmi2

Memory: 4k page, physical 8302960k(5035128k free), swap 16604060k(9209652k free)

vm_info: Java HotSpot(TM) 64-Bit Server VM (25.60-b23) for windows-amd64 JRE (1.8.0_60-b27), built on Aug  4 2015 11:06:27 by "java_re" with MS VC++ 10.0 (VS2010)

time: Tue Dec 12 21:01:38 2017
elapsed time: 0 seconds (0d 0h 0m 0s)

